Arguments: 
  /Users/bedunkevich/.nvm/versions/node/v16.13.2/bin/node /Users/bedunkevich/.nvm/versions/node/v16.13.2/bin/yarn init

PATH: 
  /Users/bedunkevich/.nvm/versions/node/v16.13.2/bin:/opt/homebrew/bin:/opt/homebrew/sbin:/usr/local/bin:/usr/bin:/bin:/usr/sbin:/sbin

Yarn version: 
  1.22.17

Node version: 
  16.13.2

Platform: 
  darwin arm64

Trace: 
  SyntaxError: /Users/bedunkevich/dev/node/modules/boilerplate/package.json: Unexpected end of JSON input
      at JSON.parse (<anonymous>)
      at /Users/bedunkevich/.nvm/versions/node/v16.13.2/lib/node_modules/yarn/lib/cli.js:1625:59
      at Generator.next (<anonymous>)
      at step (/Users/bedunkevich/.nvm/versions/node/v16.13.2/lib/node_modules/yarn/lib/cli.js:310:30)
      at /Users/bedunkevich/.nvm/versions/node/v16.13.2/lib/node_modules/yarn/lib/cli.js:321:13

npm manifest: 
  

yarn manifest: 
  No manifest

Lockfile: 
  No lockfile
